ERROR - 2015-05-26 09:44:15 --> Article is existed: Chiêu thâu tóm đất vàng của đại gia Sài Gòn 1
ERROR - 2015-05-26 09:44:15 --> Article is existed: Bia lạ đua nhau ra thị trường 46
ERROR - 2015-05-26 09:44:15 --> Article is existed: Lãnh đạo VietinBank tham gia GPBank 0
ERROR - 2015-05-26 09:44:15 --> Article is existed: Sharp ngày càng xuống dốc
ERROR - 2015-05-26 09:44:15 --> Article is existed: Tỷ giá tiến sát trần, vàng chững lại
ERROR - 2015-05-26 09:44:15 --> Article is existed: Giá vàng tăng nhẹ
ERROR - 2015-05-26 09:44:15 --> Article is existed: Tiền Trung Quốc đang tràn vào Mỹ
ERROR - 2015-05-26 09:44:15 --> Article is existed: Đàn ông - mỏ vàng của Uniqlo
ERROR - 2015-05-26 09:44:15 --> Article is existed: FLC khởi công dự án 3.500 tỷ đồng tại Bình Định
ERROR - 2015-05-26 09:44:15 --> Article is existed: Bộ trưởng Công Thương: 'Thuế môi trường chỉ làm giá xăng tăng 162 đồng'
ERROR - 2015-05-26 09:44:15 --> Article is existed: TP HCM muốn Phú Mỹ Hưng chia lợi nhuận
ERROR - 2015-05-26 09:44:15 --> Article is existed: Không thể kêu gọi từ thiện cho cả nền nông nghiệp
ERROR - 2015-05-26 09:44:15 --> Article is existed: Tọa đàm trực tuyến về tiêu thụ nông sản
ERROR - 2015-05-26 09:44:15 --> Article is existed: Chuyển tiền ngân hàng rắc rối vì tên chi nhánh
ERROR - 2015-05-26 09:44:15 --> Article is existed: Bộ trưởng Tài chính: Giá xăng tăng 30% là hợp lý
ERROR - 2015-05-26 09:44:15 --> Article is existed: Nữ giám đốc 8x tham vọng xây dựng thương hiệu cà phê riêng
ERROR - 2015-05-26 09:44:15 --> Article is existed: Khó vay gói 30.000 tỷ vì thu nhập
ERROR - 2015-05-26 09:44:15 --> Article is existed: Lợi nhuận doanh nghiệp trên HNX tăng 32% trong quý I
ERROR - 2015-05-26 09:44:15 --> Article is existed: MHB chính thức bàn giao toàn hệ thống cho BIDV
ERROR - 2015-05-26 09:44:15 --> Article is existed: Đế chế bánh ngọt của ông chủ gốc Việt
ERROR - 2015-05-26 09:44:15 --> Article is existed: Địa ốc Đất Xanh rút vốn khỏi công ty đang vướng kiện tụng
ERROR - 2015-05-26 09:44:15 --> Article is existed: Vàng giảm, đôla có dấu hiệu đi lên
ERROR - 2015-05-26 09:44:15 --> Article is existed: Thị trường vàng tuần này biến động mạnh hơn
ERROR - 2015-05-26 09:44:15 --> Article is existed: Nhu cầu thuê văn phòng tại châu Á Thái Bình Dương tăng 20%
ERROR - 2015-05-26 09:44:15 --> Article is existed: Lần đầu tiên doanh nghiệp ngoại đầu tư BOT ở Việt Nam
ERROR - 2015-05-26 09:44:15 --> Article is existed: Honda VN: Truy thu thuế 182 tỷ đồng không liên quan tới chuyển giá
ERROR - 2015-05-26 09:44:15 --> Article is existed: Những cách để giàu hơn sau một năm
ERROR - 2015-05-26 09:44:15 --> Article is existed: Những CEO 7X quyền lực ngành ngân hàng
ERROR - 2015-05-26 09:46:04 --> Article is existed:  Phụ huynh hoang mang khi đọc lời nhận xét về con 
                     0
ERROR - 2015-05-26 09:46:04 --> Article is existed:  Học qua tin: Chiến đấu cơ Mỹ hộ tống máy bay Air France                             
                         0
ERROR - 2015-05-26 09:46:04 --> Article is existed:  Đề thi THPT quốc gia sẽ tạo thuận lợi cho thí sinh                             
                         0
ERROR - 2015-05-26 09:46:04 --> Article is existed:  Có nên học chương trình giảng dạy bằng tiếng Anh                             
                         0
ERROR - 2015-05-26 09:46:04 --> Article is existed:  Hối hận vì bỏ dở đại học 
ERROR - 2015-05-26 09:46:04 --> Article is existed:  Khóa học tiếng Anh cho người cầu tiến 
ERROR - 2015-05-26 09:46:04 --> Article is existed:  Khóa thực hành nghiệp vụ xuất nhập khẩu cho sinh viên 
ERROR - 2015-05-26 09:46:04 --> Article is existed:  Giáo viên tiểu học chai tay vì ghi nhận xét cho học sinh 
ERROR - 2015-05-26 09:46:04 --> Article is existed:  Học qua tin ngắn: Warren Buffett mất bao nhiêu tiền cắt tóc? 
ERROR - 2015-05-26 09:46:04 --> Article is existed:  Học sinh Phan Đình Phùng ôm siết chặt ngày chia tay 
ERROR - 2015-05-26 09:46:04 --> Article is existed:  10 câu hỏi tiếng Anh ở trình độ cơ bản 
ERROR - 2015-05-26 09:46:04 --> Article is existed:  Thầy giáo Tây chỉnh lỗi 'Wait me some minutes' 
ERROR - 2015-05-26 09:46:04 --> Article is existed:  Cô trò trường Phan Đình Phùng bịn rịn trong ngày chia tay 
ERROR - 2015-05-26 09:46:04 --> Article is existed:  Vụ phó trúng tuyển Hiệu trưởng Đại học Công nghệ Giao thông 
ERROR - 2015-05-26 09:46:04 --> Article is existed:  Bỏ làm quản lý để theo đuổi nghề y, giờ tôi thất nghiệp 
ERROR - 2015-05-26 09:46:04 --> Article is existed:  Honda VN tặng 30.000 mũ bảo hiểm cho học sinh 
ERROR - 2015-05-26 09:46:04 --> Article is existed:  Tránh lặp chủ ngữ khi viết trong kỳ thi IELTS 
ERROR - 2015-05-26 09:46:04 --> Article is existed:  Kết hợp học và chơi cho trẻ trong dịp hè 
ERROR - 2015-05-26 09:46:04 --> Article is existed:  Học hướng dẫn viên du lịch quốc tế ở đâu 
ERROR - 2015-05-26 09:46:04 --> Article is existed:  5 mẹo giúp con tự tin vào lớp một 
ERROR - 2015-05-26 09:46:04 --> Article is existed:  5 cách giúp con có kỳ nghỉ hè bổ ích 
ERROR - 2015-05-26 09:46:04 --> Article is existed:  Hơn 70% sinh viên Đại học RMIT tìm được việc sau tốt nghiệp 3 tháng 
ERROR - 2015-05-26 09:46:04 --> Article is existed:  Giáo sư Mỹ gợi ý cách 'Quản trị công ty hiện đại' tại Việt Nam 
ERROR - 2015-05-26 09:46:04 --> Article is existed:  Học qua tin: Nhân viên tháp Eiffel đình công vì nạn móc túi 
ERROR - 2015-05-26 09:46:04 --> Article is existed:  Đáp án bài toán 'tính bậc thang' 
ERROR - 2015-05-26 09:46:04 --> Article is existed:  Gần 2.000 học sinh giỏi Toán được vinh danh 
ERROR - 2015-05-26 09:46:04 --> Article is existed:  Muốn bỏ việc ở casino để học nghề cắt tóc 
ERROR - 2015-05-26 09:46:04 --> Article is existed:  Học hóa dầu hay công nghệ thực phẩm 
ERROR - 2015-05-26 09:46:04 --> Article is existed:  Người Bắc Kinh trải chiếu xếp hàng xin học cho con 
ERROR - 2015-05-26 09:55:45 --> Severity: Notice --> Undefined index: thumb D:\xampp\htdocs\works\luotbao\application\modules\collect\models\collect_model.php 53
ERROR - 2015-05-26 09:55:45 --> Severity: Notice --> Undefined index: thumb D:\xampp\htdocs\works\luotbao\application\modules\collect\models\collect_model.php 53
ERROR - 2015-05-26 09:55:45 --> Severity: Notice --> Undefined index: thumb D:\xampp\htdocs\works\luotbao\application\modules\collect\models\collect_model.php 53
ERROR - 2015-05-26 09:59:34 --> Article is existed: Chiêu thâu tóm đất vàng của đại gia Sài Gòn 1
ERROR - 2015-05-26 09:59:34 --> Article is existed: Bia lạ đua nhau ra thị trường 46
ERROR - 2015-05-26 09:59:34 --> Article is existed: Gần 240 doanh nghiệp khai sinh mỗi ngày 0
ERROR - 2015-05-26 09:59:34 --> Article is existed: Sharp ngày càng xuống dốc
ERROR - 2015-05-26 09:59:34 --> Article is existed: Tỷ giá tiến sát trần, vàng chững lại
ERROR - 2015-05-26 09:59:34 --> Article is existed: Giá vàng tăng nhẹ
ERROR - 2015-05-26 09:59:34 --> Article is existed: Tiền Trung Quốc đang tràn vào Mỹ
ERROR - 2015-05-26 09:59:34 --> Article is existed: Đàn ông - mỏ vàng của Uniqlo
ERROR - 2015-05-26 09:59:34 --> Article is existed: FLC khởi công dự án 3.500 tỷ đồng tại Bình Định
ERROR - 2015-05-26 09:59:34 --> Article is existed: Bộ trưởng Công Thương: 'Thuế môi trường chỉ làm giá xăng tăng 162 đồng'
ERROR - 2015-05-26 09:59:34 --> Article is existed: TP HCM muốn Phú Mỹ Hưng chia lợi nhuận
ERROR - 2015-05-26 09:59:34 --> Article is existed: Không thể kêu gọi từ thiện cho cả nền nông nghiệp
ERROR - 2015-05-26 09:59:34 --> Article is existed: Tọa đàm trực tuyến về tiêu thụ nông sản
ERROR - 2015-05-26 09:59:34 --> Article is existed: Chuyển tiền ngân hàng rắc rối vì tên chi nhánh
ERROR - 2015-05-26 09:59:34 --> Article is existed: Bộ trưởng Tài chính: Giá xăng tăng 30% là hợp lý
ERROR - 2015-05-26 09:59:34 --> Article is existed: Nữ giám đốc 8x tham vọng xây dựng thương hiệu cà phê riêng
ERROR - 2015-05-26 09:59:34 --> Article is existed: Khó vay gói 30.000 tỷ vì thu nhập
ERROR - 2015-05-26 09:59:34 --> Article is existed: Lợi nhuận doanh nghiệp trên HNX tăng 32% trong quý I
ERROR - 2015-05-26 09:59:34 --> Article is existed: MHB chính thức bàn giao toàn hệ thống cho BIDV
ERROR - 2015-05-26 09:59:34 --> Article is existed: Đế chế bánh ngọt của ông chủ gốc Việt
ERROR - 2015-05-26 09:59:34 --> Article is existed: Địa ốc Đất Xanh rút vốn khỏi công ty đang vướng kiện tụng
ERROR - 2015-05-26 09:59:34 --> Article is existed: Vàng giảm, đôla có dấu hiệu đi lên
ERROR - 2015-05-26 09:59:34 --> Article is existed: Thị trường vàng tuần này biến động mạnh hơn
ERROR - 2015-05-26 09:59:34 --> Article is existed: Nhu cầu thuê văn phòng tại châu Á Thái Bình Dương tăng 20%
ERROR - 2015-05-26 09:59:34 --> Article is existed: Lần đầu tiên doanh nghiệp ngoại đầu tư BOT ở Việt Nam
ERROR - 2015-05-26 09:59:34 --> Article is existed: Honda VN: Truy thu thuế 182 tỷ đồng không liên quan tới chuyển giá
ERROR - 2015-05-26 09:59:34 --> Article is existed: Những cách để giàu hơn sau một năm
ERROR - 2015-05-26 10:01:10 --> Article is existed: Chiêu thâu tóm đất vàng của đại gia Sài Gòn 1
ERROR - 2015-05-26 10:01:10 --> Article is existed: Chung cư Keangnam bị kiểm tra phí bảo trì 
ERROR - 2015-05-26 10:01:10 --> Article is existed: Bia lạ đua nhau ra thị trường 46
ERROR - 2015-05-26 10:01:10 --> Article is existed: Gần 240 doanh nghiệp khai sinh mỗi ngày 0
ERROR - 2015-05-26 10:01:10 --> Article is existed: Lãnh đạo VietinBank tham gia GPBank
ERROR - 2015-05-26 10:01:10 --> Article is existed: Sharp ngày càng xuống dốc
ERROR - 2015-05-26 10:01:10 --> Article is existed: Tỷ giá tiến sát trần, vàng chững lại
ERROR - 2015-05-26 10:01:10 --> Article is existed: Giá vàng tăng nhẹ
ERROR - 2015-05-26 10:01:10 --> Article is existed: Tiền Trung Quốc đang tràn vào Mỹ
ERROR - 2015-05-26 10:01:10 --> Article is existed: Đàn ông - mỏ vàng của Uniqlo
ERROR - 2015-05-26 10:01:10 --> Article is existed: FLC khởi công dự án 3.500 tỷ đồng tại Bình Định
ERROR - 2015-05-26 10:01:10 --> Article is existed: Bộ trưởng Công Thương: 'Thuế môi trường chỉ làm giá xăng tăng 162 đồng'
ERROR - 2015-05-26 10:01:10 --> Article is existed: TP HCM muốn Phú Mỹ Hưng chia lợi nhuận
ERROR - 2015-05-26 10:01:10 --> Article is existed: Không thể kêu gọi từ thiện cho cả nền nông nghiệp
ERROR - 2015-05-26 10:01:10 --> Article is existed: Tọa đàm trực tuyến về tiêu thụ nông sản
ERROR - 2015-05-26 10:01:10 --> Article is existed: Chuyển tiền ngân hàng rắc rối vì tên chi nhánh
ERROR - 2015-05-26 10:01:10 --> Article is existed: Bộ trưởng Tài chính: Giá xăng tăng 30% là hợp lý
ERROR - 2015-05-26 10:01:10 --> Article is existed: Nữ giám đốc 8x tham vọng xây dựng thương hiệu cà phê riêng
ERROR - 2015-05-26 10:01:10 --> Article is existed: Khó vay gói 30.000 tỷ vì thu nhập
ERROR - 2015-05-26 10:01:10 --> Article is existed: Lợi nhuận doanh nghiệp trên HNX tăng 32% trong quý I
ERROR - 2015-05-26 10:01:10 --> Article is existed: MHB chính thức bàn giao toàn hệ thống cho BIDV
ERROR - 2015-05-26 10:01:10 --> Article is existed: Đế chế bánh ngọt của ông chủ gốc Việt
ERROR - 2015-05-26 10:01:10 --> Article is existed: Địa ốc Đất Xanh rút vốn khỏi công ty đang vướng kiện tụng
ERROR - 2015-05-26 10:01:10 --> Article is existed: Vàng giảm, đôla có dấu hiệu đi lên
ERROR - 2015-05-26 10:01:10 --> Article is existed: Thị trường vàng tuần này biến động mạnh hơn
ERROR - 2015-05-26 10:01:10 --> Article is existed: Nhu cầu thuê văn phòng tại châu Á Thái Bình Dương tăng 20%
ERROR - 2015-05-26 10:01:10 --> Article is existed: Lần đầu tiên doanh nghiệp ngoại đầu tư BOT ở Việt Nam
ERROR - 2015-05-26 10:01:10 --> Article is existed: Honda VN: Truy thu thuế 182 tỷ đồng không liên quan tới chuyển giá
ERROR - 2015-05-26 10:01:10 --> Article is existed: Những cách để giàu hơn sau một năm
ERROR - 2015-05-26 10:03:53 --> Article is existed:  Phụ huynh hoang mang khi đọc lời nhận xét về con 
                     0
ERROR - 2015-05-26 10:03:53 --> Article is existed:  Học qua tin: Chiến đấu cơ Mỹ hộ tống máy bay Air France                             
                         0
ERROR - 2015-05-26 10:03:53 --> Article is existed:  Đề thi THPT quốc gia sẽ tạo thuận lợi cho thí sinh                             
                         0
ERROR - 2015-05-26 10:03:53 --> Article is existed:  Có nên học chương trình giảng dạy bằng tiếng Anh                             
                         0
ERROR - 2015-05-26 10:03:53 --> Article is existed:  Hối hận vì bỏ dở đại học 
ERROR - 2015-05-26 10:03:53 --> Article is existed:  Khóa học tiếng Anh cho người cầu tiến 
ERROR - 2015-05-26 10:03:53 --> Article is existed:  Khóa thực hành nghiệp vụ xuất nhập khẩu cho sinh viên 
ERROR - 2015-05-26 10:03:53 --> Article is existed:  Giáo viên tiểu học chai tay vì ghi nhận xét cho học sinh 
ERROR - 2015-05-26 10:03:53 --> Article is existed:  Học qua tin ngắn: Warren Buffett mất bao nhiêu tiền cắt tóc? 
ERROR - 2015-05-26 10:03:53 --> Article is existed:  Học sinh Phan Đình Phùng ôm siết chặt ngày chia tay 
ERROR - 2015-05-26 10:03:53 --> Article is existed:  10 câu hỏi tiếng Anh ở trình độ cơ bản 
ERROR - 2015-05-26 10:03:53 --> Article is existed:  Thầy giáo Tây chỉnh lỗi 'Wait me some minutes' 
ERROR - 2015-05-26 10:03:53 --> Article is existed:  Cô trò trường Phan Đình Phùng bịn rịn trong ngày chia tay 
ERROR - 2015-05-26 10:03:53 --> Article is existed:  Vụ phó trúng tuyển Hiệu trưởng Đại học Công nghệ Giao thông 
ERROR - 2015-05-26 10:03:53 --> Article is existed:  Bỏ làm quản lý để theo đuổi nghề y, giờ tôi thất nghiệp 
ERROR - 2015-05-26 10:03:53 --> Article is existed:  Honda VN tặng 30.000 mũ bảo hiểm cho học sinh 
ERROR - 2015-05-26 10:03:53 --> Article is existed:  Tránh lặp chủ ngữ khi viết trong kỳ thi IELTS 
ERROR - 2015-05-26 10:03:53 --> Article is existed:  Kết hợp học và chơi cho trẻ trong dịp hè 
ERROR - 2015-05-26 10:03:53 --> Article is existed:  Học hướng dẫn viên du lịch quốc tế ở đâu 
ERROR - 2015-05-26 10:03:53 --> Article is existed:  5 mẹo giúp con tự tin vào lớp một 
ERROR - 2015-05-26 10:03:53 --> Article is existed:  5 cách giúp con có kỳ nghỉ hè bổ ích 
ERROR - 2015-05-26 10:03:53 --> Article is existed:  Hơn 70% sinh viên Đại học RMIT tìm được việc sau tốt nghiệp 3 tháng 
ERROR - 2015-05-26 10:03:53 --> Article is existed:  Giáo sư Mỹ gợi ý cách 'Quản trị công ty hiện đại' tại Việt Nam 
ERROR - 2015-05-26 10:03:53 --> Article is existed:  Học qua tin: Nhân viên tháp Eiffel đình công vì nạn móc túi 
ERROR - 2015-05-26 10:03:53 --> Article is existed:  Đáp án bài toán 'tính bậc thang' 
ERROR - 2015-05-26 10:03:53 --> Article is existed:  Gần 2.000 học sinh giỏi Toán được vinh danh 
ERROR - 2015-05-26 10:03:53 --> Article is existed:  Muốn bỏ việc ở casino để học nghề cắt tóc 
ERROR - 2015-05-26 10:03:53 --> Article is existed:  Học hóa dầu hay công nghệ thực phẩm 
ERROR - 2015-05-26 10:03:53 --> Article is existed:  Người Bắc Kinh trải chiếu xếp hàng xin học cho con 
ERROR - 2015-05-26 10:04:39 --> Severity: Notice --> Undefined index: num_comment D:\xampp\htdocs\works\luotbao\application\modules\collect\models\collect_model.php 73
ERROR - 2015-05-26 10:04:39 --> Severity: Notice --> Undefined index: num_comment D:\xampp\htdocs\works\luotbao\application\modules\collect\models\collect_model.php 73
ERROR - 2015-05-26 10:04:39 --> Severity: Notice --> Undefined index: num_comment D:\xampp\htdocs\works\luotbao\application\modules\collect\models\collect_model.php 73
ERROR - 2015-05-26 10:05:39 --> Article is existed:  Trung Quốc khởi công xây hai hải đăng trái phép ở Trường Sa 
                     0
ERROR - 2015-05-26 10:05:39 --> Article is existed:  Đông Nam Á củng cố hải quân trước căng thẳng Biển Đông                             
                         0
ERROR - 2015-05-26 10:05:39 --> Article is existed:  Ấn Độ cảnh báo Trung Quốc âm mưu độc bá châu Á                             
                         9
ERROR - 2015-05-26 10:05:39 --> Article is existed:  Nga bất ngờ tập trận quy mô lớn 
ERROR - 2015-05-26 10:05:39 --> Article is existed:  IS thiêu sống thiếu nữ 20 tuổi vì không đáp ứng nhu cầu tình dục 
ERROR - 2015-05-26 10:05:39 --> Article is existed:  Giáo hoàng không xem tivi suốt 25 năm 
ERROR - 2015-05-26 10:05:39 --> Article is existed:  Trung Quốc giải cứu 12 phụ nữ Việt khỏi đường dây buôn người 
ERROR - 2015-05-26 10:05:39 --> Article is existed:  Nga thử nghiệm chiến đấu cơ tàng hình thế hệ mới nhất 
ERROR - 2015-05-26 10:05:39 --> Article is existed:  Thượng nghị sĩ Mỹ John McCain đến Việt Nam 
ERROR - 2015-05-26 10:05:39 --> Article is existed:  Nhật lần đầu tập trận chung với Mỹ và Australia 
ERROR - 2015-05-26 10:05:39 --> Article is existed:  Mỹ phá hủy nồi áp suất khả nghi gần quốc hội 
ERROR - 2015-05-26 10:05:39 --> Article is existed:  Singapore giam nam sinh Việt quay video lén dưới váy phụ nữ 
ERROR - 2015-05-26 10:05:39 --> Article is existed:  Cậu bé đi lạc đoàn tụ mẹ sau gần 30 năm 
ERROR - 2015-05-26 10:05:39 --> Article is existed:  Nga sắp chuyển giao tên lửa S-300 cho Iran 
ERROR - 2015-05-26 10:05:39 --> Article is existed:  Mẹ bỏ con lại cho vú em để gia nhập IS 
ERROR - 2015-05-26 10:05:39 --> Article is existed:  Cháy lớn tại nhà dưỡng lão Trung Quốc, 38 người chết 
ERROR - 2015-05-26 10:05:39 --> Article is existed:  Dạy tiếng Việt cho con 
ERROR - 2015-05-26 10:05:39 --> Article is existed:  Hàn Quốc tố Triều Tiên xây trại quân sự trên đảo tiền tiêu 
ERROR - 2015-05-26 10:05:39 --> Article is existed:  500 người thiệt mạng vì nắng nóng ở Ấn Độ 
ERROR - 2015-05-26 10:05:39 --> Article is existed:  Máy bay Pháp bị dọa, chiến đấu cơ Mỹ bay lên hộ tống 
ERROR - 2015-05-26 10:05:39 --> Article is existed:  IS phạm sai lầm khi dầu mỏ mất dấu thiêng 
ERROR - 2015-05-26 10:05:39 --> Article is existed:  100 chiến đấu cơ Mỹ và châu Âu tập trận gần Nga 
ERROR - 2015-05-26 10:05:39 --> Article is existed:  Trung Quốc gửi công hàm sau khi Mỹ bay giám sát Biển Đông 
ERROR - 2015-05-26 10:05:39 --> Article is existed:  Philippines phớt lờ Trung Quốc, điều phi cơ tới Biển Đông 
ERROR - 2015-05-26 10:05:39 --> Article is existed:  Trao giải cuộc thi 'New Zealand - Chân trời mới' 
ERROR - 2015-05-26 10:05:39 --> Article is existed:  Philippines muốn Mỹ hỗ trợ nhiều hơn trong tranh chấp Biển Đông 
ERROR - 2015-05-26 10:05:39 --> Article is existed:  Hàng nghìn môtô Mỹ diễu hành tưởng nhớ binh sĩ tử trận 
ERROR - 2015-05-26 10:05:39 --> Article is existed:  Phụ nữ Triều Tiên kiếm tiền chính trong gia đình 
ERROR - 2015-05-26 10:07:26 --> Article is existed: Điện thoại Bphone ra mắt, giá 9,99 triệu đồng
ERROR - 2015-05-26 10:07:26 --> Article is existed: Ảnh thực tế điện thoại Bphone của BKAV
ERROR - 2015-05-26 10:07:26 --> Article is existed: iPhone 6 Ceramic White - ý tưởng cải tạo nhỏ cho iPhone 6
ERROR - 2015-05-26 10:07:26 --> Article is existed: Toàn cảnh lễ ra mắt Bphone
ERROR - 2015-05-26 10:07:26 --> Article is existed: Đầu phát HD 4K hỗ trợ nhạc hi-end DSD
ERROR - 2015-05-26 10:07:26 --> Article is existed: Bkav chi 10 tỷ đồng làm lễ ra mắt Bphone 
ERROR - 2015-05-26 10:07:26 --> Article is existed: Nhóm tin tặc theo dõi nhiều nhà báo Việt Nam suốt 10 năm 
ERROR - 2015-05-26 10:07:26 --> Article is existed: TV mỏng nhất thế giới chạy Android của Sony về Việt Nam 
ERROR - 2015-05-26 10:07:26 --> Article is existed: Microsoft có thể mua lại BlackBerry với giá 7 tỷ USD 
ERROR - 2015-05-26 10:07:26 --> Article is existed: iPhone 4S giảm giá sâu 
ERROR - 2015-05-26 10:07:26 --> Article is existed: CES châu Á vắng các thương hiệu nổi tiếng 
ERROR - 2015-05-26 10:07:26 --> Article is existed: Pin dự phòng hỗ trợ nghe gọi, chụp ảnh từ xa 
ERROR - 2015-05-26 10:07:26 --> Article is existed: Mẹo chụp hình đẹp với iPhone ít người biết 
ERROR - 2015-05-26 10:07:26 --> Article is existed: Ý tưởng smartphone thời trang 
ERROR - 2015-05-26 10:07:26 --> Article is existed: Smartphone viền siêu mỏng Sony Lavender lộ ảnh 
ERROR - 2015-05-26 10:07:26 --> Article is existed: Mở hộp Lumia 540 - smartphone giá tốt từ Microsoft 
ERROR - 2015-05-26 10:07:26 --> Article is existed: iOS 9 sẽ tối ưu cho iPhone, iPad đời cũ 
ERROR - 2015-05-26 10:07:26 --> Article is existed: Video thiếu nữ tụt áo để ăn miễn phí hot nhất Internet tuần qua 
ERROR - 2015-05-26 10:07:26 --> Article is existed: Smartphone mỏng hơn iPhone 6 về Việt Nam 
ERROR - 2015-05-26 10:07:26 --> Article is existed: Điện thoại Android nào phù hợp cho người chuyển từ iPhone sang? 
ERROR - 2015-05-26 10:07:26 --> Article is existed: Hơn 1.000 dân chơi ảnh trải nghiệm Canon 5DS tại Hà Nội 
ERROR - 2015-05-26 10:07:26 --> Article is existed: Acer W1 810 - tablet chạy Windows 8.1 giá 3,5 triệu đồng 
ERROR - 2015-05-26 10:07:26 --> Article is existed: 5 game kinh điển được giả lập trên smartphone 
ERROR - 2015-05-26 10:07:26 --> Article is existed: Nhiều smartphone cao cấp giảm giá 
ERROR - 2015-05-26 10:07:26 --> Article is existed: Ảnh tablet 12,5 inch chạy Windows 8.1 mỏng nhất thế giới 
ERROR - 2015-05-26 10:07:26 --> Article is existed: Chọn Note 3, S5, iPhone 5S hay điện thoại khác? 
ERROR - 2015-05-26 10:07:26 --> Article is existed: Mua máy in nào với 1,5 triệu đồng 
ERROR - 2015-05-26 10:07:26 --> Article is existed: So sánh Mobiistar Prime X và Asus Zenfone 2 
ERROR - 2015-05-26 10:17:39 --> Severity: Notice --> Undefined index: num_comment D:\xampp\htdocs\works\luotbao\application\modules\collect\models\collect_model.php 73
ERROR - 2015-05-26 10:17:39 --> Severity: Notice --> Undefined index: num_comment D:\xampp\htdocs\works\luotbao\application\modules\collect\models\collect_model.php 73
ERROR - 2015-05-26 10:17:39 --> Severity: Notice --> Undefined index: num_comment D:\xampp\htdocs\works\luotbao\application\modules\collect\models\collect_model.php 55
ERROR - 2015-05-26 10:17:39 --> Severity: Notice --> Undefined index: num_comment D:\xampp\htdocs\works\luotbao\application\modules\collect\models\collect_model.php 55
ERROR - 2015-05-26 10:17:39 --> Severity: Notice --> Undefined index: num_comment D:\xampp\htdocs\works\luotbao\application\modules\collect\models\collect_model.php 73
ERROR - 2015-05-26 10:17:39 --> Severity: Warning --> Cannot modify header information - headers already sent by (output started at D:\xampp\htdocs\works\luotbao\system\core\Exceptions.php:272) D:\xampp\htdocs\works\luotbao\application\third_party\MX\Controller.php 64
