ERROR - 2015-05-21 04:40:43 --> D:\xampp\htdocs\works\luotbao/resources/images/cong-nghe/rose-gold-dual-cmera-1-5037-1432171208_490x294.jpg
ERROR - 2015-05-21 04:40:43 --> D:\xampp\htdocs\works\luotbao/resources/images/cong-nghe/mo-hop-mobiistar-prime-x-smartphone-gia-tot-chup-hinh-dep-1432170043_300x180.jpg
ERROR - 2015-05-21 04:40:43 --> D:\xampp\htdocs\works\luotbao/resources/images/cong-nghe/HTC-Desire-626G-VnE-5-1299-1310-1432018954_300x180.jpg
ERROR - 2015-05-21 04:40:43 --> D:\xampp\htdocs\works\luotbao/resources/images/cong-nghe/Video-call-button-7-0-8048-143-6407-7995-1432172079_300x180.png
ERROR - 2015-05-21 04:40:43 --> D:\xampp\htdocs\works\luotbao/resources/images/cong-nghe/sky-a870-chinh-hang-3-7109-1432116376_300x180.jpg
ERROR - 2015-05-21 04:40:43 --> D:\xampp\htdocs\works\luotbao/resources/images/cong-nghe/11024651-1039972376016831-2216-1831-7425-1432096573_180x108.jpg
ERROR - 2015-05-21 04:40:43 --> D:\xampp\htdocs\works\luotbao/resources/images/cong-nghe/LG-Magna-VnE-5-1682-9985-1432108165_180x108.jpg
ERROR - 2015-05-21 04:40:43 --> D:\xampp\htdocs\works\luotbao/resources/images/cong-nghe/Arm-3789-1432110476_180x108.jpg
ERROR - 2015-05-21 04:40:43 --> D:\xampp\htdocs\works\luotbao/resources/images/cong-nghe/OPPO-R7-R7-Plus-Home-Screen-4849-1432111221_180x108.jpg
ERROR - 2015-05-21 04:40:43 --> D:\xampp\htdocs\works\luotbao/resources/images/cong-nghe/lgg431-1432097222_180x108.jpg
ERROR - 2015-05-21 04:40:43 --> D:\xampp\htdocs\works\luotbao/resources/images/cong-nghe/phone04-1432088180_180x108.jpg
ERROR - 2015-05-21 04:40:43 --> D:\xampp\htdocs\works\luotbao/resources/images/cong-nghe/canonrangefinder-mini-4638-1432112324_180x108.jpg
ERROR - 2015-05-21 04:40:43 --> D:\xampp\htdocs\works\luotbao/resources/images/cong-nghe/pc-3d-games-free-download-for-4450-1476-1432112148_180x108.jpg
ERROR - 2015-05-21 04:40:43 --> D:\xampp\htdocs\works\luotbao/resources/images/cong-nghe/cjyymaz2znjm-8750-1432111905_180x108.jpg
ERROR - 2015-05-21 04:40:43 --> D:\xampp\htdocs\works\luotbao/resources/images/cong-nghe/20-5-201547-54401922-7803-1432107698_180x108.jpeg
ERROR - 2015-05-21 04:40:43 --> D:\xampp\htdocs\works\luotbao/resources/images/cong-nghe/xtreameruiv2-1432107968_180x108.jpg
ERROR - 2015-05-21 04:40:43 --> D:\xampp\htdocs\works\luotbao/resources/images/cong-nghe/Acer-Iconia-Tab-7-hands-on-4096-1432093828_180x108.jpg
ERROR - 2015-05-21 04:40:43 --> D:\xampp\htdocs\works\luotbao/resources/images/cong-nghe/01-1432090426_180x108.jpg
ERROR - 2015-05-21 04:40:43 --> D:\xampp\htdocs\works\luotbao/resources/images/cong-nghe/y-tuong-galaxy-note-5-edge-man-hinh-cong-hai-canh-1432087789_180x108.jpg
ERROR - 2015-05-21 04:40:43 --> D:\xampp\htdocs\works\luotbao/resources/images/cong-nghe/20-5-201558-3216-1432088575_180x108.jpeg
ERROR - 2015-05-21 04:40:43 --> D:\xampp\htdocs\works\luotbao/resources/images/cong-nghe/MG-9984-3261-1432082850_180x108.jpg
ERROR - 2015-05-21 04:40:43 --> D:\xampp\htdocs\works\luotbao/resources/images/cong-nghe/img2480-1432083776_180x108.jpg
ERROR - 2015-05-21 04:40:43 --> D:\xampp\htdocs\works\luotbao/resources/images/cong-nghe/19_5_201545_1532543950__1432005065_1432005077_180x108.jpeg
ERROR - 2015-05-21 04:40:43 --> D:\xampp\htdocs\works\luotbao/resources/images/cong-nghe/1-1432042871_180x108.jpg
ERROR - 2015-05-21 04:40:43 --> D:\xampp\htdocs\works\luotbao/resources/images/cong-nghe/mbp-5-1326-1432045956_180x108.jpg
ERROR - 2015-05-21 04:40:43 --> D:\xampp\htdocs\works\luotbao/resources/images/cong-nghe/Apple-MacBook-Air-11-inch-3578-1984-7836-1432093580_180x108.jpg
ERROR - 2015-05-21 04:40:43 --> D:\xampp\htdocs\works\luotbao/resources/images/cong-nghe/cat6-5-8040-1432083768_180x108.jpg
ERROR - 2015-05-21 04:40:43 --> D:\xampp\htdocs\works\luotbao/resources/images/cong-nghe/MG-9988-1432081979_180x108.jpg
ERROR - 2015-05-21 04:40:43 --> D:\xampp\htdocs\works\luotbao/resources/images/cong-nghe/asus-zenfone-2-0-2039-1432028060_180x108.jpg
ERROR - 2015-05-21 04:52:21 --> Severity: Notice --> Undefined variable: url D:\xampp\htdocs\works\luotbao\application\modules\collect\controllers\collect.php 83
ERROR - 2015-05-21 04:52:21 --> Severity: Warning --> file_get_contents(): Filename cannot be empty D:\xampp\htdocs\works\luotbao\application\modules\collect\controllers\collect.php 83
ERROR - 2015-05-21 04:52:21 --> Severity: Notice --> Undefined variable: url D:\xampp\htdocs\works\luotbao\application\modules\collect\controllers\collect.php 83
ERROR - 2015-05-21 04:52:21 --> Severity: Warning --> file_get_contents(): Filename cannot be empty D:\xampp\htdocs\works\luotbao\application\modules\collect\controllers\collect.php 83
ERROR - 2015-05-21 04:52:21 --> Severity: Notice --> Undefined variable: url D:\xampp\htdocs\works\luotbao\application\modules\collect\controllers\collect.php 83
ERROR - 2015-05-21 04:52:21 --> Severity: Warning --> file_get_contents(): Filename cannot be empty D:\xampp\htdocs\works\luotbao\application\modules\collect\controllers\collect.php 83
ERROR - 2015-05-21 04:52:21 --> Severity: Notice --> Undefined variable: url D:\xampp\htdocs\works\luotbao\application\modules\collect\controllers\collect.php 83
ERROR - 2015-05-21 04:52:21 --> Severity: Warning --> file_get_contents(): Filename cannot be empty D:\xampp\htdocs\works\luotbao\application\modules\collect\controllers\collect.php 83
ERROR - 2015-05-21 04:52:21 --> Severity: Notice --> Undefined variable: url D:\xampp\htdocs\works\luotbao\application\modules\collect\controllers\collect.php 83
ERROR - 2015-05-21 04:52:21 --> Severity: Warning --> file_get_contents(): Filename cannot be empty D:\xampp\htdocs\works\luotbao\application\modules\collect\controllers\collect.php 83
ERROR - 2015-05-21 04:52:21 --> Severity: Notice --> Undefined variable: url D:\xampp\htdocs\works\luotbao\application\modules\collect\controllers\collect.php 83
ERROR - 2015-05-21 04:52:21 --> Severity: Warning --> file_get_contents(): Filename cannot be empty D:\xampp\htdocs\works\luotbao\application\modules\collect\controllers\collect.php 83
ERROR - 2015-05-21 04:52:21 --> Severity: Notice --> Undefined variable: url D:\xampp\htdocs\works\luotbao\application\modules\collect\controllers\collect.php 83
ERROR - 2015-05-21 04:52:21 --> Severity: Warning --> file_get_contents(): Filename cannot be empty D:\xampp\htdocs\works\luotbao\application\modules\collect\controllers\collect.php 83
ERROR - 2015-05-21 04:52:21 --> Severity: Notice --> Undefined variable: url D:\xampp\htdocs\works\luotbao\application\modules\collect\controllers\collect.php 83
ERROR - 2015-05-21 04:52:21 --> Severity: Warning --> file_get_contents(): Filename cannot be empty D:\xampp\htdocs\works\luotbao\application\modules\collect\controllers\collect.php 83
ERROR - 2015-05-21 04:52:21 --> Severity: Notice --> Undefined variable: url D:\xampp\htdocs\works\luotbao\application\modules\collect\controllers\collect.php 83
ERROR - 2015-05-21 04:52:21 --> Severity: Warning --> file_get_contents(): Filename cannot be empty D:\xampp\htdocs\works\luotbao\application\modules\collect\controllers\collect.php 83
ERROR - 2015-05-21 04:52:21 --> Severity: Notice --> Undefined variable: url D:\xampp\htdocs\works\luotbao\application\modules\collect\controllers\collect.php 83
ERROR - 2015-05-21 04:52:21 --> Severity: Warning --> file_get_contents(): Filename cannot be empty D:\xampp\htdocs\works\luotbao\application\modules\collect\controllers\collect.php 83
ERROR - 2015-05-21 04:52:21 --> Severity: Notice --> Undefined variable: url D:\xampp\htdocs\works\luotbao\application\modules\collect\controllers\collect.php 83
ERROR - 2015-05-21 04:52:21 --> Severity: Warning --> file_get_contents(): Filename cannot be empty D:\xampp\htdocs\works\luotbao\application\modules\collect\controllers\collect.php 83
ERROR - 2015-05-21 04:52:21 --> Severity: Notice --> Undefined variable: url D:\xampp\htdocs\works\luotbao\application\modules\collect\controllers\collect.php 83
ERROR - 2015-05-21 04:52:21 --> Severity: Warning --> file_get_contents(): Filename cannot be empty D:\xampp\htdocs\works\luotbao\application\modules\collect\controllers\collect.php 83
ERROR - 2015-05-21 04:52:21 --> Severity: Notice --> Undefined variable: url D:\xampp\htdocs\works\luotbao\application\modules\collect\controllers\collect.php 83
ERROR - 2015-05-21 04:52:21 --> Severity: Warning --> file_get_contents(): Filename cannot be empty D:\xampp\htdocs\works\luotbao\application\modules\collect\controllers\collect.php 83
ERROR - 2015-05-21 04:52:21 --> Severity: Notice --> Undefined variable: url D:\xampp\htdocs\works\luotbao\application\modules\collect\controllers\collect.php 83
ERROR - 2015-05-21 04:52:21 --> Severity: Warning --> file_get_contents(): Filename cannot be empty D:\xampp\htdocs\works\luotbao\application\modules\collect\controllers\collect.php 83
ERROR - 2015-05-21 04:52:21 --> Severity: Notice --> Undefined variable: url D:\xampp\htdocs\works\luotbao\application\modules\collect\controllers\collect.php 83
ERROR - 2015-05-21 04:52:21 --> Severity: Warning --> file_get_contents(): Filename cannot be empty D:\xampp\htdocs\works\luotbao\application\modules\collect\controllers\collect.php 83
ERROR - 2015-05-21 04:52:21 --> Severity: Notice --> Undefined variable: url D:\xampp\htdocs\works\luotbao\application\modules\collect\controllers\collect.php 83
ERROR - 2015-05-21 04:52:21 --> Severity: Warning --> file_get_contents(): Filename cannot be empty D:\xampp\htdocs\works\luotbao\application\modules\collect\controllers\collect.php 83
ERROR - 2015-05-21 04:52:21 --> Severity: Notice --> Undefined variable: url D:\xampp\htdocs\works\luotbao\application\modules\collect\controllers\collect.php 83
ERROR - 2015-05-21 04:52:21 --> Severity: Warning --> file_get_contents(): Filename cannot be empty D:\xampp\htdocs\works\luotbao\application\modules\collect\controllers\collect.php 83
ERROR - 2015-05-21 04:52:21 --> Severity: Notice --> Undefined variable: url D:\xampp\htdocs\works\luotbao\application\modules\collect\controllers\collect.php 83
ERROR - 2015-05-21 04:52:21 --> Severity: Warning --> file_get_contents(): Filename cannot be empty D:\xampp\htdocs\works\luotbao\application\modules\collect\controllers\collect.php 83
ERROR - 2015-05-21 04:52:21 --> Severity: Notice --> Undefined variable: url D:\xampp\htdocs\works\luotbao\application\modules\collect\controllers\collect.php 83
ERROR - 2015-05-21 04:52:21 --> Severity: Warning --> file_get_contents(): Filename cannot be empty D:\xampp\htdocs\works\luotbao\application\modules\collect\controllers\collect.php 83
ERROR - 2015-05-21 04:52:21 --> Severity: Notice --> Undefined variable: url D:\xampp\htdocs\works\luotbao\application\modules\collect\controllers\collect.php 83
ERROR - 2015-05-21 04:52:21 --> Severity: Warning --> file_get_contents(): Filename cannot be empty D:\xampp\htdocs\works\luotbao\application\modules\collect\controllers\collect.php 83
ERROR - 2015-05-21 04:52:21 --> Severity: Notice --> Undefined variable: url D:\xampp\htdocs\works\luotbao\application\modules\collect\controllers\collect.php 83
ERROR - 2015-05-21 04:52:21 --> Severity: Warning --> file_get_contents(): Filename cannot be empty D:\xampp\htdocs\works\luotbao\application\modules\collect\controllers\collect.php 83
ERROR - 2015-05-21 04:52:21 --> Severity: Notice --> Undefined variable: url D:\xampp\htdocs\works\luotbao\application\modules\collect\controllers\collect.php 83
ERROR - 2015-05-21 04:52:21 --> Severity: Warning --> file_get_contents(): Filename cannot be empty D:\xampp\htdocs\works\luotbao\application\modules\collect\controllers\collect.php 83
ERROR - 2015-05-21 04:52:21 --> Severity: Notice --> Undefined variable: url D:\xampp\htdocs\works\luotbao\application\modules\collect\controllers\collect.php 83
ERROR - 2015-05-21 04:52:21 --> Severity: Warning --> file_get_contents(): Filename cannot be empty D:\xampp\htdocs\works\luotbao\application\modules\collect\controllers\collect.php 83
ERROR - 2015-05-21 04:52:21 --> Severity: Notice --> Undefined variable: url D:\xampp\htdocs\works\luotbao\application\modules\collect\controllers\collect.php 83
ERROR - 2015-05-21 04:52:21 --> Severity: Warning --> file_get_contents(): Filename cannot be empty D:\xampp\htdocs\works\luotbao\application\modules\collect\controllers\collect.php 83
ERROR - 2015-05-21 04:52:21 --> Severity: Notice --> Undefined variable: url D:\xampp\htdocs\works\luotbao\application\modules\collect\controllers\collect.php 83
ERROR - 2015-05-21 04:52:21 --> Severity: Warning --> file_get_contents(): Filename cannot be empty D:\xampp\htdocs\works\luotbao\application\modules\collect\controllers\collect.php 83
ERROR - 2015-05-21 04:52:21 --> Severity: Notice --> Undefined variable: url D:\xampp\htdocs\works\luotbao\application\modules\collect\controllers\collect.php 83
ERROR - 2015-05-21 04:52:21 --> Severity: Warning --> file_get_contents(): Filename cannot be empty D:\xampp\htdocs\works\luotbao\application\modules\collect\controllers\collect.php 83
ERROR - 2015-05-21 04:52:21 --> Severity: Notice --> Undefined variable: url D:\xampp\htdocs\works\luotbao\application\modules\collect\controllers\collect.php 83
ERROR - 2015-05-21 04:52:21 --> Severity: Warning --> file_get_contents(): Filename cannot be empty D:\xampp\htdocs\works\luotbao\application\modules\collect\controllers\collect.php 83
ERROR - 2015-05-21 04:52:21 --> Severity: Notice --> Undefined variable: url D:\xampp\htdocs\works\luotbao\application\modules\collect\controllers\collect.php 83
ERROR - 2015-05-21 04:52:21 --> Severity: Warning --> file_get_contents(): Filename cannot be empty D:\xampp\htdocs\works\luotbao\application\modules\collect\controllers\collect.php 83
ERROR - 2015-05-21 04:52:21 --> Severity: Notice --> Undefined variable: url D:\xampp\htdocs\works\luotbao\application\modules\collect\controllers\collect.php 83
ERROR - 2015-05-21 04:52:21 --> Severity: Warning --> file_get_contents(): Filename cannot be empty D:\xampp\htdocs\works\luotbao\application\modules\collect\controllers\collect.php 83
ERROR - 2015-05-21 04:53:54 --> Severity: Warning --> file_get_contents() expects parameter 1 to be a valid path, array given D:\xampp\htdocs\works\luotbao\application\modules\collect\controllers\collect.php 83
ERROR - 2015-05-21 04:53:54 --> Severity: Warning --> file_get_contents() expects parameter 1 to be a valid path, array given D:\xampp\htdocs\works\luotbao\application\modules\collect\controllers\collect.php 83
ERROR - 2015-05-21 04:53:54 --> Severity: Warning --> file_get_contents() expects parameter 1 to be a valid path, array given D:\xampp\htdocs\works\luotbao\application\modules\collect\controllers\collect.php 83
ERROR - 2015-05-21 04:53:54 --> Severity: Warning --> file_get_contents() expects parameter 1 to be a valid path, array given D:\xampp\htdocs\works\luotbao\application\modules\collect\controllers\collect.php 83
ERROR - 2015-05-21 04:53:54 --> Severity: Warning --> file_get_contents() expects parameter 1 to be a valid path, array given D:\xampp\htdocs\works\luotbao\application\modules\collect\controllers\collect.php 83
ERROR - 2015-05-21 04:53:54 --> Severity: Warning --> file_get_contents() expects parameter 1 to be a valid path, array given D:\xampp\htdocs\works\luotbao\application\modules\collect\controllers\collect.php 83
ERROR - 2015-05-21 04:53:54 --> Severity: Warning --> file_get_contents() expects parameter 1 to be a valid path, array given D:\xampp\htdocs\works\luotbao\application\modules\collect\controllers\collect.php 83
ERROR - 2015-05-21 04:53:54 --> Severity: Warning --> file_get_contents() expects parameter 1 to be a valid path, array given D:\xampp\htdocs\works\luotbao\application\modules\collect\controllers\collect.php 83
ERROR - 2015-05-21 04:53:54 --> Severity: Warning --> file_get_contents() expects parameter 1 to be a valid path, array given D:\xampp\htdocs\works\luotbao\application\modules\collect\controllers\collect.php 83
ERROR - 2015-05-21 04:53:54 --> Severity: Warning --> file_get_contents() expects parameter 1 to be a valid path, array given D:\xampp\htdocs\works\luotbao\application\modules\collect\controllers\collect.php 83
ERROR - 2015-05-21 04:53:54 --> Severity: Warning --> file_get_contents() expects parameter 1 to be a valid path, array given D:\xampp\htdocs\works\luotbao\application\modules\collect\controllers\collect.php 83
ERROR - 2015-05-21 04:53:54 --> Severity: Warning --> file_get_contents() expects parameter 1 to be a valid path, array given D:\xampp\htdocs\works\luotbao\application\modules\collect\controllers\collect.php 83
ERROR - 2015-05-21 04:53:54 --> Severity: Warning --> file_get_contents() expects parameter 1 to be a valid path, array given D:\xampp\htdocs\works\luotbao\application\modules\collect\controllers\collect.php 83
ERROR - 2015-05-21 04:53:54 --> Severity: Warning --> file_get_contents() expects parameter 1 to be a valid path, array given D:\xampp\htdocs\works\luotbao\application\modules\collect\controllers\collect.php 83
ERROR - 2015-05-21 04:53:54 --> Severity: Warning --> file_get_contents() expects parameter 1 to be a valid path, array given D:\xampp\htdocs\works\luotbao\application\modules\collect\controllers\collect.php 83
ERROR - 2015-05-21 04:53:54 --> Severity: Warning --> file_get_contents() expects parameter 1 to be a valid path, array given D:\xampp\htdocs\works\luotbao\application\modules\collect\controllers\collect.php 83
ERROR - 2015-05-21 04:53:55 --> Severity: Warning --> file_get_contents() expects parameter 1 to be a valid path, array given D:\xampp\htdocs\works\luotbao\application\modules\collect\controllers\collect.php 83
ERROR - 2015-05-21 04:53:55 --> Severity: Warning --> file_get_contents() expects parameter 1 to be a valid path, array given D:\xampp\htdocs\works\luotbao\application\modules\collect\controllers\collect.php 83
ERROR - 2015-05-21 04:53:55 --> Severity: Warning --> file_get_contents() expects parameter 1 to be a valid path, array given D:\xampp\htdocs\works\luotbao\application\modules\collect\controllers\collect.php 83
ERROR - 2015-05-21 04:53:55 --> Severity: Warning --> file_get_contents() expects parameter 1 to be a valid path, array given D:\xampp\htdocs\works\luotbao\application\modules\collect\controllers\collect.php 83
ERROR - 2015-05-21 04:53:55 --> Severity: Warning --> file_get_contents() expects parameter 1 to be a valid path, array given D:\xampp\htdocs\works\luotbao\application\modules\collect\controllers\collect.php 83
ERROR - 2015-05-21 04:53:55 --> Severity: Warning --> file_get_contents() expects parameter 1 to be a valid path, array given D:\xampp\htdocs\works\luotbao\application\modules\collect\controllers\collect.php 83
ERROR - 2015-05-21 04:53:55 --> Severity: Warning --> file_get_contents() expects parameter 1 to be a valid path, array given D:\xampp\htdocs\works\luotbao\application\modules\collect\controllers\collect.php 83
ERROR - 2015-05-21 04:53:55 --> Severity: Warning --> file_get_contents() expects parameter 1 to be a valid path, array given D:\xampp\htdocs\works\luotbao\application\modules\collect\controllers\collect.php 83
ERROR - 2015-05-21 04:53:55 --> Severity: Warning --> file_get_contents() expects parameter 1 to be a valid path, array given D:\xampp\htdocs\works\luotbao\application\modules\collect\controllers\collect.php 83
ERROR - 2015-05-21 04:53:55 --> Severity: Warning --> file_get_contents() expects parameter 1 to be a valid path, array given D:\xampp\htdocs\works\luotbao\application\modules\collect\controllers\collect.php 83
ERROR - 2015-05-21 04:53:55 --> Severity: Warning --> file_get_contents() expects parameter 1 to be a valid path, array given D:\xampp\htdocs\works\luotbao\application\modules\collect\controllers\collect.php 83
ERROR - 2015-05-21 04:53:55 --> Severity: Warning --> file_get_contents() expects parameter 1 to be a valid path, array given D:\xampp\htdocs\works\luotbao\application\modules\collect\controllers\collect.php 83
ERROR - 2015-05-21 04:53:55 --> Severity: Warning --> file_get_contents() expects parameter 1 to be a valid path, array given D:\xampp\htdocs\works\luotbao\application\modules\collect\controllers\collect.php 83
ERROR - 2015-05-21 05:23:19 --> Article is existed: Ảnh iPhone 6S camera kép, vỏ vàng hồng xuất hiện
ERROR - 2015-05-21 05:23:19 --> Article is existed: Mở hộp Mobiistar Prime X - smartphone giá tốt chụp hình đẹp
ERROR - 2015-05-21 05:23:19 --> Article is existed: Desire 626G Plus - smartphone dáng đẹp, giá hợp lý từ HTC
ERROR - 2015-05-21 05:23:19 --> Article is existed: Nữ có nên dùng điện thoại Sky?
ERROR - 2015-05-21 05:23:19 --> Article is existed: iPhone 6, 6 Plus hàng xách tay loạn chất lượng 
ERROR - 2015-05-21 05:23:19 --> Article is existed: Smartphone Android màn hình cong giá rẻ đầu tiên 
ERROR - 2015-05-21 05:23:19 --> Article is existed: Máy ảnh DSLR bị chế giễu vì quá nặng 
ERROR - 2015-05-21 05:23:19 --> Article is existed: Oppo R7 mỏng hơn iPhone 6 và Galaxy S6 ra mắt 
ERROR - 2015-05-21 05:23:19 --> Article is existed: Bphone - không cần khủng, chỉ đủ dùng 
ERROR - 2015-05-21 05:23:19 --> Article is existed: Có máy ảnh nào gọn nhẹ dưới 15 triệu đồng không? 
ERROR - 2015-05-21 05:23:19 --> Article is existed: PC Windows 7 Ultimate không tắt được bằng lệnh 'shut down' 
ERROR - 2015-05-21 05:23:19 --> Article is existed: Tìm tai nghe in-ear bass trầm, treble bén 
ERROR - 2015-05-21 05:23:19 --> Article is existed: Lenovo A319 - smartphone giá rẻ, nghe nhạc hay 
ERROR - 2015-05-21 05:23:19 --> Article is existed: Đầu Android tích hợp điều khiển có trỏ chuột 
ERROR - 2015-05-21 05:23:19 --> Article is existed: Acer Iconia Tab 7- A1 713 có hay hơn Asus Fonepad 7 không? 
ERROR - 2015-05-21 05:23:19 --> Article is existed: Apple lần đầu bán dock Lightning cho iPhone 
ERROR - 2015-05-21 05:23:19 --> Article is existed: Ý tưởng Galaxy Note 5 edge màn hình cong hai cạnh 
ERROR - 2015-05-21 05:23:19 --> Article is existed: Máy tính bảng giá dưới 3 triệu miễn phí 3G một năm 
ERROR - 2015-05-21 05:23:19 --> Article is existed: Samsung ra mắt Smart TV mới chạy hệ điều hành Tizen 
ERROR - 2015-05-21 05:23:19 --> Article is existed: HTC One M9+ có cảm biến vân tay về VN giá 15 triệu đồng 
ERROR - 2015-05-21 05:23:19 --> Article is existed: Galaxy Tab A 8 inch giá chỉ 6,9 triệu đồng tại FPT Shop 
ERROR - 2015-05-21 05:23:19 --> Article is existed: Hệ thống điều khiển âm nhạc theo cảm xúc của Bang & Olufsen 
ERROR - 2015-05-21 05:23:19 --> Article is existed: Apple nâng cấp MacBook Pro 15 inch, giảm giá iMac 5K Retina 
ERROR - 2015-05-21 05:23:19 --> Article is existed: Tìm laptop tầm 12-14 triệu đồng cho việc văn phòng 
ERROR - 2015-05-21 05:23:19 --> Article is existed: Giữa LG G3 Cat 6 và iPhone 5s hàng lướt, chọn máy nào? 
ERROR - 2015-05-21 05:23:19 --> Article is existed: Ảnh thực tế SmartTV J5500 của Samsung 
ERROR - 2015-05-21 05:23:19 --> Article is existed: Với 4 triệu đồng mua được điện thoại nào camera trước chụp đẹp? 
ERROR - 2015-05-21 05:23:19 --> Article is existed: Bphone lộ kiểu dáng trước lễ ra mắt 
ERROR - 2015-05-21 09:33:54 --> Article is existed: Gần một tỷ USD tài sản Nhà nước là xe công 0
ERROR - 2015-05-21 09:33:54 --> Article is existed: Bộ trưởng Công Thương: 'Nông sản ùn ứ, không thể trách nông dân' 8
ERROR - 2015-05-21 09:33:54 --> Article is existed: Đại gia bán lẻ cạnh tranh đẩy giá mặt bằng tăng vọt 0
ERROR - 2015-05-21 09:33:54 --> Article is existed: Công thức làm giàu ông chủ ngành công nghệ 26
ERROR - 2015-05-21 09:33:54 --> Article is existed: Kiều hối về TP HCM đạt 1,4 tỷ USD
ERROR - 2015-05-21 09:33:54 --> Article is existed: Đàn trâu tiền tỷ giữa thủ đô của chàng trai 29 tuổi
ERROR - 2015-05-21 09:33:54 --> Article is existed: Bổ sung 2 thứ trưởng vào ban lãnh đạo Ngân hàng Phát triển
ERROR - 2015-05-21 09:33:54 --> Article is existed: Vàng tăng nhẹ, USD neo ở mức cao
ERROR - 2015-05-21 09:33:54 --> Article is existed: Giá vàng bám trụ mốc 1.200 USD
ERROR - 2015-05-21 09:33:54 --> Article is existed: Petrolimex tăng lãi 80% do được bù đắp chi phí
ERROR - 2015-05-21 09:33:54 --> Article is existed: Giá xăng tiếp tục tăng 1.200 đồng
ERROR - 2015-05-21 09:33:54 --> Article is existed: Nghịch lý ngân sách
ERROR - 2015-05-21 09:33:54 --> Article is existed: 10 sản phẩm hút khách nhất thế giới
ERROR - 2015-05-21 09:33:54 --> Article is existed: Nielsen: Người Việt tiết kiệm nhất thế giới
ERROR - 2015-05-21 09:33:54 --> Article is existed: Bộ Tài chính: Thuế tăng không có nghĩa giá ôtô sẽ tăng
ERROR - 2015-05-21 09:33:54 --> Article is existed: Trung Quốc trợ cấp 165 tỷ đôla cho nông nghiệp
ERROR - 2015-05-21 09:33:54 --> Article is existed: Ủy ban Kinh tế: Tăng trưởng thực sự chưa bền vững
ERROR - 2015-05-21 09:33:54 --> Article is existed: Lương lãnh đạo doanh nghiệp Nhà nước tối đa 100 triệu đồng
ERROR - 2015-05-21 09:33:54 --> Article is existed: Tỷ giá tiếp tục căng, vàng SJC giảm giá
ERROR - 2015-05-21 09:33:54 --> Article is existed: Quốc hội lo lắng đầu ra cho nông sản
ERROR - 2015-05-21 09:33:54 --> Article is existed: Thói quen mỗi sáng của người thành công
ERROR - 2015-05-21 09:33:54 --> Article is existed: Việt Nam tăng gấp đôi máy bay trong 5 năm tới
ERROR - 2015-05-21 09:33:54 --> Article is existed: Khối ngoại mua ròng, Vn-Index tăng mạnh nhất 4 tháng
ERROR - 2015-05-21 09:33:54 --> Article is existed: 3 ngày mua sắm ưu đãi dành cho độc giả VnExpress
ERROR - 2015-05-21 09:33:54 --> Article is existed: Đồng đôla mạnh chấm dứt chuỗi tăng giá vàng
ERROR - 2015-05-21 09:33:54 --> Article is existed: GrabTaxi bắt đầu thu phí tài xế
ERROR - 2015-05-21 09:33:54 --> Article is existed: Samsung khởi công nhà máy 1,4 tỷ USD tại TP HCM
ERROR - 2015-05-21 09:33:54 --> Article is existed: Nhà giá rẻ Sài Gòn vẫn hấp dẫn trong 5 năm tới
ERROR - 2015-05-21 09:33:54 --> Article is existed: Loạn giá vải đầu mùa
